Determining if the pthread_create exist failed with the following output:
Change Dir: /home/youssef/ROCO506Z/turtlebot2_wss/turtlebot_simulation/build/vrep_ros_interface/CMakeFiles/CMakeTmp

Run Build Command:"/usr/bin/make" "cmTC_99f41/fast"
/usr/bin/make -f CMakeFiles/cmTC_99f41.dir/build.make CMakeFiles/cmTC_99f41.dir/build
make[1]: Entering directory '/home/youssef/ROCO506Z/turtlebot2_wss/turtlebot_simulation/build/vrep_ros_interface/CMakeFiles/CMakeTmp'
Building C object CMakeFiles/cmTC_99f41.dir/CheckSymbolExists.c.o
/usr/bin/cc     -o CMakeFiles/cmTC_99f41.dir/CheckSymbolExists.c.o   -c /home/youssef/ROCO506Z/turtlebot2_wss/turtlebot_simulation/build/vrep_ros_interface/CMakeFiles/CMakeTmp/CheckSymbolExists.c
Linking C executable cmTC_99f41
/usr/bin/cmake -E cmake_link_script CMakeFiles/cmTC_99f41.dir/link.txt --verbose=1
/usr/bin/cc       CMakeFiles/cmTC_99f41.dir/CheckSymbolExists.c.o  -o cmTC_99f41 -rdynamic 
CMakeFiles/cmTC_99f41.dir/CheckSymbolExists.c.o: In function `main':
CheckSymbolExists.c:(.text+0x16): undefined reference to `pthread_create'
collect2: error: ld returned 1 exit status
CMakeFiles/cmTC_99f41.dir/build.make:97: recipe for target 'cmTC_99f41' failed
make[1]: *** [cmTC_99f41] Error 1
make[1]: Leaving directory '/home/youssef/ROCO506Z/turtlebot2_wss/turtlebot_simulation/build/vrep_ros_interface/CMakeFiles/CMakeTmp'
Makefile:126: recipe for target 'cmTC_99f41/fast' failed
make: *** [cmTC_99f41/fast] Error 2

File /home/youssef/ROCO506Z/turtlebot2_wss/turtlebot_simulation/build/vrep_ros_interface/CMakeFiles/CMakeTmp/CheckSymbolExists.c:
/* */
#include <pthread.h>

int main(int argc, char** argv)
{
  (void)argv;
#ifndef pthread_create
  return ((int*)(&pthread_create))[argc];
#else
  (void)argc;
  return 0;
#endif
}

Determining if the function pthread_create exists in the pthreads failed with the following output:
Change Dir: /home/youssef/ROCO506Z/turtlebot2_wss/turtlebot_simulation/build/vrep_ros_interface/CMakeFiles/CMakeTmp

Run Build Command:"/usr/bin/make" "cmTC_75c1e/fast"
/usr/bin/make -f CMakeFiles/cmTC_75c1e.dir/build.make CMakeFiles/cmTC_75c1e.dir/build
make[1]: Entering directory '/home/youssef/ROCO506Z/turtlebot2_wss/turtlebot_simulation/build/vrep_ros_interface/CMakeFiles/CMakeTmp'
Building C object CMakeFiles/cmTC_75c1e.dir/CheckFunctionExists.c.o
/usr/bin/cc    -DCHECK_FUNCTION_EXISTS=pthread_create   -o CMakeFiles/cmTC_75c1e.dir/CheckFunctionExists.c.o   -c /usr/share/cmake-3.5/Modules/CheckFunctionExists.c
Linking C executable cmTC_75c1e
/usr/bin/cmake -E cmake_link_script CMakeFiles/cmTC_75c1e.dir/link.txt --verbose=1
/usr/bin/cc   -DCHECK_FUNCTION_EXISTS=pthread_create    CMakeFiles/cmTC_75c1e.dir/CheckFunctionExists.c.o  -o cmTC_75c1e -rdynamic -lpthreads 
/usr/bin/ld: cannot find -lpthreads
collect2: error: ld returned 1 exit status
CMakeFiles/cmTC_75c1e.dir/build.make:97: recipe for target 'cmTC_75c1e' failed
make[1]: *** [cmTC_75c1e] Error 1
make[1]: Leaving directory '/home/youssef/ROCO506Z/turtlebot2_wss/turtlebot_simulation/build/vrep_ros_interface/CMakeFiles/CMakeTmp'
Makefile:126: recipe for target 'cmTC_75c1e/fast' failed
make: *** [cmTC_75c1e/fast] Error 2


