Determining if the pthread_create exist failed with the following output:
Change Dir: /home/user001/ROCO506Z/turtlebot2_wss/turtlebot_simulation/build/catkin_tools_prebuild/CMakeFiles/CMakeTmp

Run Build Command:"/usr/bin/make" "cmTC_bb50c/fast"
/usr/bin/make -f CMakeFiles/cmTC_bb50c.dir/build.make CMakeFiles/cmTC_bb50c.dir/build
make[1]: Entering directory '/home/user001/ROCO506Z/turtlebot2_wss/turtlebot_simulation/build/catkin_tools_prebuild/CMakeFiles/CMakeTmp'
Building C object CMakeFiles/cmTC_bb50c.dir/CheckSymbolExists.c.o
/usr/bin/cc     -o CMakeFiles/cmTC_bb50c.dir/CheckSymbolExists.c.o   -c /home/user001/ROCO506Z/turtlebot2_wss/turtlebot_simulation/build/catkin_tools_prebuild/CMakeFiles/CMakeTmp/CheckSymbolExists.c
Linking C executable cmTC_bb50c
/usr/bin/cmake -E cmake_link_script CMakeFiles/cmTC_bb50c.dir/link.txt --verbose=1
/usr/bin/cc       CMakeFiles/cmTC_bb50c.dir/CheckSymbolExists.c.o  -o cmTC_bb50c -rdynamic 
CMakeFiles/cmTC_bb50c.dir/CheckSymbolExists.c.o: In function `main':
CheckSymbolExists.c:(.text+0x16): undefined reference to `pthread_create'
collect2: error: ld returned 1 exit status
CMakeFiles/cmTC_bb50c.dir/build.make:97: recipe for target 'cmTC_bb50c' failed
make[1]: *** [cmTC_bb50c] Error 1
make[1]: Leaving directory '/home/user001/ROCO506Z/turtlebot2_wss/turtlebot_simulation/build/catkin_tools_prebuild/CMakeFiles/CMakeTmp'
Makefile:126: recipe for target 'cmTC_bb50c/fast' failed
make: *** [cmTC_bb50c/fast] Error 2

File /home/user001/ROCO506Z/turtlebot2_wss/turtlebot_simulation/build/catkin_tools_prebuild/CMakeFiles/CMakeTmp/CheckSymbolExists.c:
/* */
#include <pthread.h>

int main(int argc, char** argv)
{
  (void)argv;
#ifndef pthread_create
  return ((int*)(&pthread_create))[argc];
#else
  (void)argc;
  return 0;
#endif
}

Determining if the function pthread_create exists in the pthreads failed with the following output:
Change Dir: /home/user001/ROCO506Z/turtlebot2_wss/turtlebot_simulation/build/catkin_tools_prebuild/CMakeFiles/CMakeTmp

Run Build Command:"/usr/bin/make" "cmTC_32748/fast"
/usr/bin/make -f CMakeFiles/cmTC_32748.dir/build.make CMakeFiles/cmTC_32748.dir/build
make[1]: Entering directory '/home/user001/ROCO506Z/turtlebot2_wss/turtlebot_simulation/build/catkin_tools_prebuild/CMakeFiles/CMakeTmp'
Building C object CMakeFiles/cmTC_32748.dir/CheckFunctionExists.c.o
/usr/bin/cc    -DCHECK_FUNCTION_EXISTS=pthread_create   -o CMakeFiles/cmTC_32748.dir/CheckFunctionExists.c.o   -c /usr/share/cmake-3.5/Modules/CheckFunctionExists.c
Linking C executable cmTC_32748
/usr/bin/cmake -E cmake_link_script CMakeFiles/cmTC_32748.dir/link.txt --verbose=1
/usr/bin/cc   -DCHECK_FUNCTION_EXISTS=pthread_create    CMakeFiles/cmTC_32748.dir/CheckFunctionExists.c.o  -o cmTC_32748 -rdynamic -lpthreads 
/usr/bin/ld: cannot find -lpthreads
collect2: error: ld returned 1 exit status
CMakeFiles/cmTC_32748.dir/build.make:97: recipe for target 'cmTC_32748' failed
make[1]: *** [cmTC_32748] Error 1
make[1]: Leaving directory '/home/user001/ROCO506Z/turtlebot2_wss/turtlebot_simulation/build/catkin_tools_prebuild/CMakeFiles/CMakeTmp'
Makefile:126: recipe for target 'cmTC_32748/fast' failed
make: *** [cmTC_32748/fast] Error 2


